<?xml version="1.0" encoding="UTF-8"?>
<!-- Generated by org.testng.reporters.JUnitXMLReporter -->
<testsuite hostname="APL-PG029G6J" ignored="4" name="Test" tests="5" failures="0" timestamp="2021-06-26T21:34:04 IST" time="164.437" errors="0">
  <testcase name="invalidPassword" time="8.057" classname="com.qa.tests.LoginTests"/>
  <testcase name="invalidUsername" time="3.28" classname="com.qa.tests.LoginTests"/>
  <testcase name="successfulLogin" time="5.957" classname="com.qa.tests.LoginTests"/>
  <testcase name="validateProductOnProductsDetailsPage" time="13.844" classname="com.qa.tests.ProductsTests"/>
  <testcase name="validateProductOnProductsPageAndBackToProductPageButton" time="4.834" classname="com.qa.tests.ProductsTests"/>
  <testcase name="@AfterTest afterTest" time="0.0" classname="com.qa.BaseTest">
    <ignored/>
  </testcase> <!-- @AfterTest afterTest -->
  <testcase name="@BeforeSuite beforeSuite" time="0.0" classname="com.qa.BaseTest">
    <ignored/>
  </testcase> <!-- @BeforeSuite beforeSuite -->
  <testcase name="@BeforeTest beforeTest" time="0.0" classname="com.qa.BaseTest">
    <ignored/>
  </testcase> <!-- @BeforeTest beforeTest -->
  <testcase name="@AfterSuite afterSuite" time="0.0" classname="com.qa.BaseTest">
    <ignored/>
  </testcase> <!-- @AfterSuite afterSuite -->
</testsuite> <!-- Test -->
