<?xml version="1.0" encoding="UTF-8"?>
<testsuite xmlns:xsi="http://www.w3.org/2001/XMLSchema-instance" xsi:noNamespaceSchemaLocation="https://maven.apache.org/surefire/maven-surefire-plugin/xsd/surefire-test-report-3.0.xsd" version="3.0" name="TestSuite" time="213.505" tests="5" errors="0" skipped="0" failures="0">
  <properties>
[...]
</properties>
  <testcase name="invalidPassword" classname="com.qa.tests.LoginTests" time="7.997">
    <system-out><![CDATA[Starting Server
[INFO ] 2021-06-26 21:31:21.427 com.qa.BaseTest:138 - App url is : C:\Users\NI20203797\Desktop\Udemy\Appium\TDD/src/test/resources/App/Android.SauceLabs.Mobile.Sample.app.2.7.1.apk
[DEBUG] 2021-06-26 21:32:41.453 com.qa.tests.LoginTests:50 - 
-----Starting Test-----
invalidPassword

[INFO ] 2021-06-26 21:32:46.390 com.qa.BaseTest:183 - Username : standard_user
[INFO ] 2021-06-26 21:32:47.600 com.qa.BaseTest:183 - Password : InvalidPassword
[DEBUG] 2021-06-26 21:32:48.815 com.qa.BaseTest:172 - Press Login button
[DEBUG] 2021-06-26 21:32:49.957 com.qa.BaseTest:197 - Error text is : Username and password do not match any user in this service.
[DEBUG] 2021-06-26 21:32:49.966 com.qa.tests.LoginTests:88 - Expected Error msg : Username and password do not match any user in this service.
]]></system-out>
    <system-err><![CDATA[SLF4J: Failed to load class "org.slf4j.impl.StaticLoggerBinder".
SLF4J: Defaulting to no-operation (NOP) logger implementation
SLF4J: See http://www.slf4j.org/codes.html#StaticLoggerBinder for further details.
Jun 26, 2021 9:32:26 PM io.appium.java_client.remote.AppiumCommandExecutor$1 lambda$0
INFO: Detected dialect: W3C
]]></system-err>
  </testcase>
  <testcase name="invalidUsername" classname="com.qa.tests.LoginTests" time="3.686">
    <system-out><![CDATA[[DEBUG] 2021-06-26 21:32:53.684 com.qa.tests.LoginTests:50 - 
-----Starting Test-----
invalidUsername

[INFO ] 2021-06-26 21:32:53.834 com.qa.BaseTest:183 - Username : InvalidUser
[INFO ] 2021-06-26 21:32:54.810 com.qa.BaseTest:183 - Password : secret_sauce
[DEBUG] 2021-06-26 21:32:55.999 com.qa.BaseTest:172 - Press Login button
[DEBUG] 2021-06-26 21:32:56.964 com.qa.BaseTest:197 - Error text is : Username and password do not match any user in this service.
[DEBUG] 2021-06-26 21:32:56.966 com.qa.tests.LoginTests:66 - Expected Error msg : Username and password do not match any user in this service.
]]></system-out>
  </testcase>
  <testcase name="successfulLogin" classname="com.qa.tests.LoginTests" time="6.014">
    <system-out><![CDATA[[DEBUG] 2021-06-26 21:33:02.634 com.qa.tests.LoginTests:50 - 
-----Starting Test-----
successfulLogin

[INFO ] 2021-06-26 21:33:02.772 com.qa.BaseTest:183 - Username : standard_user
[INFO ] 2021-06-26 21:33:04.137 com.qa.BaseTest:183 - Password : secret_sauce
[DEBUG] 2021-06-26 21:33:04.931 com.qa.BaseTest:172 - Press Login button
[DEBUG] 2021-06-26 21:33:08.591 com.qa.BaseTest:197 - Products Page Header : PRODUCTS
[DEBUG] 2021-06-26 21:33:08.592 com.qa.tests.LoginTests:100 - Actual Products page header : PRODUCTS
[DEBUG] 2021-06-26 21:33:08.593 com.qa.tests.LoginTests:101 - Expected Products page header : PRODUCTS
]]></system-out>
  </testcase>
  <testcase name="validateProductOnProductsDetailsPage" classname="com.qa.tests.ProductsTests" time="13.996">
    <system-out><![CDATA[[DEBUG] 2021-06-26 21:33:22.760 com.qa.tests.ProductsTests:56 - 
-----Starting Test-----
validateProductOnProductsDetailsPage

[INFO ] 2021-06-26 21:33:24.499 com.qa.BaseTest:183 - Username : standard_user
[INFO ] 2021-06-26 21:33:25.631 com.qa.BaseTest:183 - Password : secret_sauce
[DEBUG] 2021-06-26 21:33:26.791 com.qa.BaseTest:172 - Press Login button
[DEBUG] 2021-06-26 21:33:28.822 com.qa.BaseTest:172 - Navigating to the Products Details Page
[DEBUG] 2021-06-26 21:33:32.304 com.qa.BaseTest:197 - Product Title from ProductDetailsPage : Sauce Labs Backpack
[DEBUG] 2021-06-26 21:33:32.716 com.qa.BaseTest:197 - Product Description from ProductsDetailsPage : carry.allTheThings() with the sleek, streamlined Sly Pack that melds uncompromising style with unequaled laptop and tablet protection.
[DEBUG] 2021-06-26 21:33:32.718 com.qa.tests.ProductsTests:100 - Sauce Labs Backpack | Sauce Labs Backpack
[DEBUG] 2021-06-26 21:33:32.718 com.qa.tests.ProductsTests:101 - carry.allTheThings() with the sleek, streamlined Sly Pack that melds uncompromising style with unequaled laptop and tablet protection.
 | 
carry.allTheThings() with the sleek, streamlined Sly Pack that melds uncompromising style with unequaled laptop and tablet protection.
[DEBUG] 2021-06-26 21:33:32.721 com.qa.BaseTest:209 - Scroll to prize
[DEBUG] 2021-06-26 21:33:38.791 com.qa.BaseTest:197 - Product Price from ProductsDetailsPage : $29.99
[DEBUG] 2021-06-26 21:33:38.792 com.qa.tests.ProductsTests:106 - $29.99 | $29.99
[DEBUG] 2021-06-26 21:33:38.923 com.qa.BaseTest:172 - Click "Back to Products Button" and navigate to Products Page
[DEBUG] 2021-06-26 21:33:40.764 com.qa.BaseTest:197 - Backpack Title from ProductsPage : Sauce Labs Backpack
]]></system-out>
  </testcase>
  <testcase name="validateProductOnProductsPageAndBackToProductPageButton" classname="com.qa.tests.ProductsTests" time="4.899">
    <system-out><![CDATA[[DEBUG] 2021-06-26 21:33:40.767 com.qa.MenuPage:16 - Click Menu Button
[DEBUG] 2021-06-26 21:33:43.028 com.qa.BaseTest:172 - Click Logout Button
[DEBUG] 2021-06-26 21:33:48.631 com.qa.tests.ProductsTests:56 - 
-----Starting Test-----
validateProductOnProductsPageAndBackToProductPageButton

[INFO ] 2021-06-26 21:33:48.706 com.qa.BaseTest:183 - Username : standard_user
[INFO ] 2021-06-26 21:33:49.880 com.qa.BaseTest:183 - Password : secret_sauce
[DEBUG] 2021-06-26 21:33:50.620 com.qa.BaseTest:172 - Press Login button
[DEBUG] 2021-06-26 21:33:52.614 com.qa.BaseTest:197 - Backpack Title from ProductsPage : Sauce Labs Backpack
[DEBUG] 2021-06-26 21:33:53.172 com.qa.BaseTest:197 - Backpack Price from ProductsPage : $29.99
[DEBUG] 2021-06-26 21:33:53.174 com.qa.tests.ProductsTests:78 - Sauce Labs Backpack |Sauce Labs Backpack
[DEBUG] 2021-06-26 21:33:53.175 com.qa.tests.ProductsTests:79 - $29.99 | $29.99
[DEBUG] 2021-06-26 21:33:53.312 com.qa.BaseTest:172 - Navigating to the Products Details Page
[DEBUG] 2021-06-26 21:33:55.454 com.qa.BaseTest:197 - Product Title from ProductDetailsPage : Sauce Labs Backpack
[DEBUG] 2021-06-26 21:33:55.455 com.qa.tests.ProductsTests:85 - Sauce Labs Backpack | Sauce Labs Backpack
[DEBUG] 2021-06-26 21:33:55.511 com.qa.BaseTest:172 - Click "Back to Products Button" and navigate to Products Page
]]></system-out>
  </testcase>
</testsuite>